MASTER_ADDR: elm12
MASTER_PORT: 12345
WORLD_SIZE: 
RANK: 0
+ echo 'Workdir: /project/nlp-work5/hongyu-s/transformers/examples/pytorch/language-modeling'
Workdir: /project/nlp-work5/hongyu-s/transformers/examples/pytorch/language-modeling
+ cd /project/nlp-work5/hongyu-s/transformers/examples/pytorch/language-modeling
+ echo 'Launching training/eval command'
Launching training/eval command
+ echo '================= BEGIN RUN ================='
================= BEGIN RUN =================
+ torchrun --nproc_per_node=2 --master_port=12430 ./run_clm.py --model_name_or_path gpt2 --tokenizer_name gpt2 --share_freq_across_heads True --learning_rate 1e-4 --per_device_train_batch_size 16 --per_device_eval_batch_size 16 --block_size 512 --dataset_name wikitext --dataset_config_name wikitext-103-raw-v1 --do_train --do_eval --num_train_epochs 30 --num_harmonics 1 --eval_strategy steps --eval_steps 250 --logging_dir ./rotary_compare_log --logging_steps 250 --save_steps 5000 --attn_implementation eager --path_use_qk_norm false --path_use_low_rank_w true --path_use_w_shortconv false --path_conv_size 3 --warmup_steps 5000 --path_conv_bias false --output_dir runs/rotary_compare --gradient_accumulation_steps 2 --b_unfreeze_step 5000 --pe_method rotary
W1002 11:58:25.363000 263566 /project/nlp-work5/hongyu-s/conda/envs/latest_transformers/lib/python3.12/site-packages/torch/distributed/run.py:774] 
W1002 11:58:25.363000 263566 /project/nlp-work5/hongyu-s/conda/envs/latest_transformers/lib/python3.12/site-packages/torch/distributed/run.py:774] *****************************************
W1002 11:58:25.363000 263566 /project/nlp-work5/hongyu-s/conda/envs/latest_transformers/lib/python3.12/site-packages/torch/distributed/run.py:774] Setting OMP_NUM_THREADS environment variable for each process to be 1 in default, to avoid your system being overloaded, please further tune the variable for optimal performance in your application as needed. 
W1002 11:58:25.363000 263566 /project/nlp-work5/hongyu-s/conda/envs/latest_transformers/lib/python3.12/site-packages/torch/distributed/run.py:774] *****************************************
[Gloo] Rank 1 is connected to 1 peer ranks. Expected number of connected peer ranks is : 1
[Gloo] Rank 0 is connected to 1 peer ranks. Expected number of connected peer ranks is : 1
10/02/2025 11:58:44 - WARNING - __main__ - Process rank: 0, device: cpu:0, n_gpu: 1, distributed training: True, 16-bits training: False
10/02/2025 11:58:44 - INFO - __main__ - Training/evaluation parameters SupplyTrainingArguments(
_n_gpu=1,
accelerator_config={'split_batches': False, 'dispatch_batches': None, 'even_batches': True, 'use_seedable_sampler': True, 'non_blocking': False, 'gradient_accumulation_kwargs': None, 'use_configured_state': False},
adafactor=False,
adam_beta1=0.9,
adam_beta2=0.999,
adam_epsilon=1e-08,
auto_find_batch_size=False,
average_tokens_across_devices=True,
b_unfreeze_step=5000,
batch_eval_metrics=False,
bf16=False,
bf16_full_eval=False,
data_seed=None,
dataloader_drop_last=False,
dataloader_num_workers=0,
dataloader_persistent_workers=False,
dataloader_pin_memory=True,
dataloader_prefetch_factor=None,
ddp_backend=None,
ddp_broadcast_buffers=None,
ddp_bucket_cap_mb=None,
ddp_find_unused_parameters=None,
ddp_timeout=1800,
debug=[],
deepspeed=None,
disable_tqdm=False,
do_eval=True,
do_predict=False,
do_train=True,
eval_accumulation_steps=None,
eval_delay=0,
eval_do_concat_batches=True,
eval_on_start=False,
eval_steps=250,
eval_strategy=IntervalStrategy.STEPS,
eval_use_gather_object=False,
fp16=False,
fp16_backend=auto,
fp16_full_eval=False,
fp16_opt_level=O1,
fsdp=[],
fsdp_config={'min_num_params': 0, 'xla': False, 'xla_fsdp_v2': False, 'xla_fsdp_grad_ckpt': False},
fsdp_min_num_params=0,
fsdp_transformer_layer_cls_to_wrap=None,
full_determinism=False,
gradient_accumulation_steps=2,
gradient_checkpointing=False,
gradient_checkpointing_kwargs=None,
greater_is_better=None,
group_by_length=False,
half_precision_backend=auto,
hub_always_push=False,
hub_model_id=None,
hub_private_repo=None,
hub_revision=None,
hub_strategy=HubStrategy.EVERY_SAVE,
hub_token=<HUB_TOKEN>,
ignore_data_skip=False,
include_for_metrics=[],
include_inputs_for_metrics=False,
include_num_input_tokens_seen=no,
include_tokens_per_second=False,
jit_mode_eval=False,
label_names=None,
label_smoothing_factor=0.0,
learning_rate=0.0001,
length_column_name=length,
liger_kernel_config=None,
load_best_model_at_end=False,
local_rank=0,
log_level=passive,
log_level_replica=warning,
log_on_each_node=True,
logging_dir=./rotary_compare_log,
logging_first_step=False,
logging_nan_inf_filter=True,
logging_steps=250,
logging_strategy=IntervalStrategy.STEPS,
lr_scheduler_kwargs={},
lr_scheduler_type=SchedulerType.LINEAR,
max_grad_norm=1.0,
max_steps=-1,
metric_for_best_model=None,
mp_parameters=,
neftune_noise_alpha=None,
no_cuda=False,
num_train_epochs=30.0,
optim=OptimizerNames.ADAMW_TORCH_FUSED,
optim_args=None,
optim_target_modules=None,
output_dir=runs/rotary_compare,
overwrite_output_dir=False,
parallelism_config=None,
past_index=-1,
per_device_eval_batch_size=16,
per_device_train_batch_size=16,
prediction_loss_only=False,
push_to_hub=False,
push_to_hub_model_id=None,
push_to_hub_organization=None,
push_to_hub_token=<PUSH_TO_HUB_TOKEN>,
ray_scope=last,
remove_unused_columns=True,
report_to=['tensorboard', 'wandb'],
restore_callback_states_from_checkpoint=False,
resume_from_checkpoint=None,
run_name=None,
save_on_each_node=False,
save_only_model=False,
save_safetensors=True,
save_steps=5000,
save_strategy=SaveStrategy.STEPS,
save_total_limit=None,
seed=42,
skip_memory_metrics=True,
tf32=None,
torch_compile=False,
torch_compile_backend=None,
torch_compile_mode=None,
torch_empty_cache_steps=None,
torchdynamo=None,
tpu_metrics_debug=False,
tpu_num_cores=None,
use_cpu=False,
use_legacy_prediction_loop=False,
use_liger_kernel=False,
use_mps_device=False,
warmup_ratio=0.0,
warmup_steps=5000,
weight_decay=0.0,
)
10/02/2025 11:58:44 - WARNING - __main__ - Process rank: 1, device: cpu:0, n_gpu: 1, distributed training: True, 16-bits training: False
Found cached dataset wikitext (/cl/work5/hongyu-s/huggingfac/datasets/wikitext/wikitext-103-raw-v1/0.0.0/b08601e04326c79dfdd32d625aee71d232d685c3)
10/02/2025 11:58:49 - INFO - datasets.builder - Found cached dataset wikitext (/cl/work5/hongyu-s/huggingfac/datasets/wikitext/wikitext-103-raw-v1/0.0.0/b08601e04326c79dfdd32d625aee71d232d685c3)
[INFO|configuration_utils.py:759] 2025-10-02 11:58:49,869 >> loading configuration file config.json from cache at /cl/work5/hongyu-s/huggingfac/hub/models--gpt2/snapshots/607a30d783dfa663caf39e06633721c8d4cfcd7e/config.json
[INFO|configuration_utils.py:833] 2025-10-02 11:58:49,872 >> Model config GPT2Config {
  "activation_function": "gelu_new",
  "architectures": [
    "GPT2LMHeadModel"
  ],
  "attn_pdrop": 0.1,
  "bos_token_id": 50256,
  "embd_pdrop": 0.1,
  "eos_token_id": 50256,
  "initializer_range": 0.02,
  "layer_norm_epsilon": 1e-05,
  "model_type": "gpt2",
  "n_ctx": 1024,
  "n_embd": 768,
  "n_head": 12,
  "n_inner": null,
  "n_layer": 12,
  "n_positions": 1024,
  "reorder_and_upcast_attn": false,
  "resid_pdrop": 0.1,
  "scale_attn_by_inverse_layer_idx": false,
  "scale_attn_weights": true,
  "summary_activation": null,
  "summary_first_dropout": 0.1,
  "summary_proj_to_labels": true,
  "summary_type": "cls_index",
  "summary_use_proj": true,
  "task_specific_params": {
    "text-generation": {
      "do_sample": true,
      "max_length": 50
    }
  },
  "transformers_version": "4.57.0.dev0",
  "use_cache": true,
  "vocab_size": 50257
}

[INFO|configuration_utils.py:759] 2025-10-02 11:58:50,074 >> loading configuration file config.json from cache at /cl/work5/hongyu-s/huggingfac/hub/models--gpt2/snapshots/607a30d783dfa663caf39e06633721c8d4cfcd7e/config.json
[INFO|configuration_utils.py:833] 2025-10-02 11:58:50,077 >> Model config GPT2Config {
  "activation_function": "gelu_new",
  "architectures": [
    "GPT2LMHeadModel"
  ],
  "attn_pdrop": 0.1,
  "bos_token_id": 50256,
  "embd_pdrop": 0.1,
  "eos_token_id": 50256,
  "initializer_range": 0.02,
  "layer_norm_epsilon": 1e-05,
  "model_type": "gpt2",
  "n_ctx": 1024,
  "n_embd": 768,
  "n_head": 12,
  "n_inner": null,
  "n_layer": 12,
  "n_positions": 1024,
  "reorder_and_upcast_attn": false,
  "resid_pdrop": 0.1,
  "scale_attn_by_inverse_layer_idx": false,
  "scale_attn_weights": true,
  "summary_activation": null,
  "summary_first_dropout": 0.1,
  "summary_proj_to_labels": true,
  "summary_type": "cls_index",
  "summary_use_proj": true,
  "task_specific_params": {
    "text-generation": {
      "do_sample": true,
      "max_length": 50
    }
  },
  "transformers_version": "4.57.0.dev0",
  "use_cache": true,
  "vocab_size": 50257
}

[INFO|tokenization_utils_base.py:2057] 2025-10-02 11:58:50,464 >> loading file vocab.json from cache at /cl/work5/hongyu-s/huggingfac/hub/models--gpt2/snapshots/607a30d783dfa663caf39e06633721c8d4cfcd7e/vocab.json
[INFO|tokenization_utils_base.py:2057] 2025-10-02 11:58:50,464 >> loading file merges.txt from cache at /cl/work5/hongyu-s/huggingfac/hub/models--gpt2/snapshots/607a30d783dfa663caf39e06633721c8d4cfcd7e/merges.txt
[INFO|tokenization_utils_base.py:2057] 2025-10-02 11:58:50,464 >> loading file tokenizer.json from cache at /cl/work5/hongyu-s/huggingfac/hub/models--gpt2/snapshots/607a30d783dfa663caf39e06633721c8d4cfcd7e/tokenizer.json
[INFO|tokenization_utils_base.py:2057] 2025-10-02 11:58:50,464 >> loading file added_tokens.json from cache at None
[INFO|tokenization_utils_base.py:2057] 2025-10-02 11:58:50,464 >> loading file special_tokens_map.json from cache at None
[INFO|tokenization_utils_base.py:2057] 2025-10-02 11:58:50,464 >> loading file tokenizer_config.json from cache at /cl/work5/hongyu-s/huggingfac/hub/models--gpt2/snapshots/607a30d783dfa663caf39e06633721c8d4cfcd7e/tokenizer_config.json
[INFO|tokenization_utils_base.py:2057] 2025-10-02 11:58:50,464 >> loading file chat_template.jinja from cache at None
[INFO|configuration_utils.py:759] 2025-10-02 11:58:50,467 >> loading configuration file config.json from cache at /cl/work5/hongyu-s/huggingfac/hub/models--gpt2/snapshots/607a30d783dfa663caf39e06633721c8d4cfcd7e/config.json
[INFO|configuration_utils.py:833] 2025-10-02 11:58:50,468 >> Model config GPT2Config {
  "activation_function": "gelu_new",
  "architectures": [
    "GPT2LMHeadModel"
  ],
  "attn_pdrop": 0.1,
  "bos_token_id": 50256,
  "embd_pdrop": 0.1,
  "eos_token_id": 50256,
  "initializer_range": 0.02,
  "layer_norm_epsilon": 1e-05,
  "model_type": "gpt2",
  "n_ctx": 1024,
  "n_embd": 768,
  "n_head": 12,
  "n_inner": null,
  "n_layer": 12,
  "n_positions": 1024,
  "reorder_and_upcast_attn": false,
  "resid_pdrop": 0.1,
  "scale_attn_by_inverse_layer_idx": false,
  "scale_attn_weights": true,
  "summary_activation": null,
  "summary_first_dropout": 0.1,
  "summary_proj_to_labels": true,
  "summary_type": "cls_index",
  "summary_use_proj": true,
  "task_specific_params": {
    "text-generation": {
      "do_sample": true,
      "max_length": 50
    }
  },
  "transformers_version": "4.57.0.dev0",
  "use_cache": true,
  "vocab_size": 50257
}

[rank1]: Traceback (most recent call last):
[rank1]:   File "/project/nlp-work5/hongyu-s/transformers/examples/pytorch/language-modeling/./run_clm.py", line 957, in <module>
[rank1]:     main()
[rank1]:   File "/project/nlp-work5/hongyu-s/transformers/examples/pytorch/language-modeling/./run_clm.py", line 705, in main
[rank1]:     if torch.cuda.current_device() == 0:
[rank1]:        ^^^^^^^^^^^^^^^^^^^^^^^^^^^
[rank1]:   File "/cl/work5/hongyu-s/conda/envs/latest_transformers/lib/python3.12/site-packages/torch/cuda/__init__.py", line 1071, in current_device
[rank1]:     _lazy_init()
[rank1]:   File "/cl/work5/hongyu-s/conda/envs/latest_transformers/lib/python3.12/site-packages/torch/cuda/__init__.py", line 412, in _lazy_init
[rank1]:     torch._C._cuda_init()
[rank1]: RuntimeError: No CUDA GPUs are available
[rank0]: Traceback (most recent call last):
[rank0]:   File "/project/nlp-work5/hongyu-s/transformers/examples/pytorch/language-modeling/./run_clm.py", line 957, in <module>
[rank0]:     main()
[rank0]:   File "/project/nlp-work5/hongyu-s/transformers/examples/pytorch/language-modeling/./run_clm.py", line 705, in main
[rank0]:     if torch.cuda.current_device() == 0:
[rank0]:        ^^^^^^^^^^^^^^^^^^^^^^^^^^^
[rank0]:   File "/cl/work5/hongyu-s/conda/envs/latest_transformers/lib/python3.12/site-packages/torch/cuda/__init__.py", line 1071, in current_device
[rank0]:     _lazy_init()
[rank0]:   File "/cl/work5/hongyu-s/conda/envs/latest_transformers/lib/python3.12/site-packages/torch/cuda/__init__.py", line 412, in _lazy_init
[rank0]:     torch._C._cuda_init()
[rank0]: RuntimeError: No CUDA GPUs are available
W1002 11:58:52.138000 263566 /project/nlp-work5/hongyu-s/conda/envs/latest_transformers/lib/python3.12/site-packages/torch/distributed/elastic/multiprocessing/api.py:900] Sending process 263569 closing signal SIGTERM
E1002 11:58:52.255000 263566 /project/nlp-work5/hongyu-s/conda/envs/latest_transformers/lib/python3.12/site-packages/torch/distributed/elastic/multiprocessing/api.py:874] failed (exitcode: 1) local_rank: 0 (pid: 263568) of binary: /cl/work5/hongyu-s/conda/envs/latest_transformers/bin/python3.12
Traceback (most recent call last):
  File "/cl/work5/hongyu-s/conda/envs/latest_transformers/bin/torchrun", line 7, in <module>
    sys.exit(main())
             ^^^^^^
  File "/cl/work5/hongyu-s/conda/envs/latest_transformers/lib/python3.12/site-packages/torch/distributed/elastic/multiprocessing/errors/__init__.py", line 357, in wrapper
    return f(*args, **kwargs)
           ^^^^^^^^^^^^^^^^^^
  File "/cl/work5/hongyu-s/conda/envs/latest_transformers/lib/python3.12/site-packages/torch/distributed/run.py", line 901, in main
    run(args)
  File "/cl/work5/hongyu-s/conda/envs/latest_transformers/lib/python3.12/site-packages/torch/distributed/run.py", line 892, in run
    elastic_launch(
  File "/cl/work5/hongyu-s/conda/envs/latest_transformers/lib/python3.12/site-packages/torch/distributed/launcher/api.py", line 143, in __call__
    return launch_agent(self._config, self._entrypoint, list(args))
           ^^^^^^^^^^^^^^^^^^^^^^^^^^^^^^^^^^^^^^^^^^^^^^^^^^^^^^^^
  File "/cl/work5/hongyu-s/conda/envs/latest_transformers/lib/python3.12/site-packages/torch/distributed/launcher/api.py", line 277, in launch_agent
    raise ChildFailedError(
torch.distributed.elastic.multiprocessing.errors.ChildFailedError: 
============================================================
./run_clm.py FAILED
------------------------------------------------------------
Failures:
  <NO_OTHER_FAILURES>
------------------------------------------------------------
Root Cause (first observed failure):
[0]:
  time      : 2025-10-02_11:58:52
  host      : elm12.naist.jp
  rank      : 0 (local_rank: 0)
  exitcode  : 1 (pid: 263568)
  error_file: <N/A>
  traceback : To enable traceback see: https://pytorch.org/docs/stable/elastic/errors.html
============================================================
